<?xml version="1.0" encoding="UTF-8"?>
<testng-results ignored="0" total="4" passed="3" failed="1" skipped="0">
  <reporter-output>
  </reporter-output>
  <suite started-at="2023-01-09T19:39:14 IST" name="Suite" finished-at="2023-01-09T19:40:05 IST" duration-ms="51191">
    <groups>
    </groups>
    <test started-at="2023-01-09T19:39:14 IST" name="Test" finished-at="2023-01-09T19:40:05 IST" duration-ms="51191">
      <class name="com.sauceDemo.TestPackage.TC03_TestClass_VerifyBagProductAddTOCartFunctionality">
        <test-method is-config="true" signature="setUp(java.lang.String)[pri:0, instance:com.sauceDemo.TestPackage.TC03_TestClass_VerifyBagProductAddTOCartFunctionality@273e7444]" started-at="2023-01-09T19:39:44 IST" name="setUp" finished-at="2023-01-09T19:39:53 IST" duration-ms="9389" status="PASS">
          <params>
            <param index="0">
              <value>
                <![CDATA[chrome]]>
              </value>
            </param>
          </params>
          <reporter-output>
          </reporter-output>
        </test-method> <!-- setUp -->
        <test-method signature="verifyBagProductAddTOCartFunctionality()[pri:0, instance:com.sauceDemo.TestPackage.TC03_TestClass_VerifyBagProductAddTOCartFunctionality@273e7444]" started-at="2023-01-09T19:39:53 IST" name="verifyBagProductAddTOCartFunctionality" finished-at="2023-01-09T19:39:53 IST" duration-ms="520" status="PASS">
          <reporter-output>
          </reporter-output>
        </test-method> <!-- verifyBagProductAddTOCartFunctionality -->
        <test-method is-config="true" signature="tearDown()[pri:0, instance:com.sauceDemo.TestPackage.TC03_TestClass_VerifyBagProductAddTOCartFunctionality@273e7444]" started-at="2023-01-09T19:39:53 IST" name="tearDown" finished-at="2023-01-09T19:39:54 IST" duration-ms="661" status="PASS">
          <reporter-output>
          </reporter-output>
        </test-method> <!-- tearDown -->
      </class> <!-- com.sauceDemo.TestPackage.TC03_TestClass_VerifyBagProductAddTOCartFunctionality -->
      <class name="com.sauceDemo.TestPackage.TC02_TestClass_VerifyLogOutFunctionality">
        <test-method is-config="true" signature="setUp(java.lang.String)[pri:0, instance:com.sauceDemo.TestPackage.TC02_TestClass_VerifyLogOutFunctionality@52b1beb6]" started-at="2023-01-09T19:39:33 IST" name="setUp" finished-at="2023-01-09T19:39:42 IST" duration-ms="8923" status="PASS">
          <params>
            <param index="0">
              <value>
                <![CDATA[chrome]]>
              </value>
            </param>
          </params>
          <reporter-output>
          </reporter-output>
        </test-method> <!-- setUp -->
        <test-method signature="verifyLogOutFunctionality()[pri:0, instance:com.sauceDemo.TestPackage.TC02_TestClass_VerifyLogOutFunctionality@52b1beb6]" started-at="2023-01-09T19:39:42 IST" name="verifyLogOutFunctionality" finished-at="2023-01-09T19:39:43 IST" duration-ms="810" status="PASS">
          <reporter-output>
          </reporter-output>
        </test-method> <!-- verifyLogOutFunctionality -->
        <test-method is-config="true" signature="tearDown()[pri:0, instance:com.sauceDemo.TestPackage.TC02_TestClass_VerifyLogOutFunctionality@52b1beb6]" started-at="2023-01-09T19:39:43 IST" name="tearDown" finished-at="2023-01-09T19:39:44 IST" duration-ms="938" status="PASS">
          <reporter-output>
          </reporter-output>
        </test-method> <!-- tearDown -->
      </class> <!-- com.sauceDemo.TestPackage.TC02_TestClass_VerifyLogOutFunctionality -->
      <class name="com.sauceDemo.TestPackage.TC04_TestClass_VerifyAllProductsAddToCartFunctionality">
        <test-method is-config="true" signature="setUp(java.lang.String)[pri:0, instance:com.sauceDemo.TestPackage.TC04_TestClass_VerifyAllProductsAddToCartFunctionality@7db12bb6]" started-at="2023-01-09T19:39:54 IST" name="setUp" finished-at="2023-01-09T19:40:04 IST" duration-ms="9701" status="PASS">
          <params>
            <param index="0">
              <value>
                <![CDATA[chrome]]>
              </value>
            </param>
          </params>
          <reporter-output>
          </reporter-output>
        </test-method> <!-- setUp -->
        <test-method signature="verifyAllProductsAddToCartFunctionality()[pri:0, instance:com.sauceDemo.TestPackage.TC04_TestClass_VerifyAllProductsAddToCartFunctionality@7db12bb6]" started-at="2023-01-09T19:40:04 IST" name="verifyAllProductsAddToCartFunctionality" finished-at="2023-01-09T19:40:05 IST" duration-ms="779" status="FAIL">
          <exception class="java.lang.AssertionError">
            <message>
              <![CDATA[expected [6] but found [3]]]>
            </message>
            <full-stacktrace>
              <![CDATA[java.lang.AssertionError: expected [6] but found [3]
at org.testng.Assert.fail(Assert.java:99)
at org.testng.Assert.failNotEquals(Assert.java:1037)
at org.testng.Assert.assertEqualsImpl(Assert.java:140)
at org.testng.Assert.assertEquals(Assert.java:122)
at org.testng.Assert.assertEquals(Assert.java:629)
at org.testng.Assert.assertEquals(Assert.java:639)
at com.sauceDemo.TestPackage.TC04_TestClass_VerifyAllProductsAddToCartFunctionality.verifyAllProductsAddToCartFunctionality(TC04_TestClass_VerifyAllProductsAddToCartFunctionality.java:29)
at java.base/jdk.internal.reflect.NativeMethodAccessorImpl.invoke0(Native Method)
at java.base/jdk.internal.reflect.NativeMethodAccessorImpl.invoke(NativeMethodAccessorImpl.java:77)
at java.base/jdk.internal.reflect.DelegatingMethodAccessorImpl.invoke(DelegatingMethodAccessorImpl.java:43)
at java.base/java.lang.reflect.Method.invoke(Method.java:568)
at org.testng.internal.MethodInvocationHelper.invokeMethod(MethodInvocationHelper.java:133)
at org.testng.internal.TestInvoker.invokeMethod(TestInvoker.java:598)
at org.testng.internal.TestInvoker.invokeTestMethod(TestInvoker.java:173)
at org.testng.internal.MethodRunner.runInSequence(MethodRunner.java:46)
at org.testng.internal.TestInvoker$MethodInvocationAgent.invoke(TestInvoker.java:824)
at org.testng.internal.TestInvoker.invokeTestMethods(TestInvoker.java:146)
at org.testng.internal.TestMethodWorker.invokeTestMethods(TestMethodWorker.java:146)
at org.testng.internal.TestMethodWorker.run(TestMethodWorker.java:128)
at java.base/java.util.ArrayList.forEach(ArrayList.java:1511)
at org.testng.TestRunner.privateRun(TestRunner.java:794)
at org.testng.TestRunner.run(TestRunner.java:596)
at org.testng.SuiteRunner.runTest(SuiteRunner.java:377)
at org.testng.SuiteRunner.runSequentially(SuiteRunner.java:371)
at org.testng.SuiteRunner.privateRun(SuiteRunner.java:332)
at org.testng.SuiteRunner.run(SuiteRunner.java:276)
at org.testng.SuiteRunnerWorker.runSuite(SuiteRunnerWorker.java:53)
at org.testng.SuiteRunnerWorker.run(SuiteRunnerWorker.java:96)
at org.testng.TestNG.runSuitesSequentially(TestNG.java:1212)
at org.testng.TestNG.runSuitesLocally(TestNG.java:1134)
at org.testng.TestNG.runSuites(TestNG.java:1063)
at org.testng.TestNG.run(TestNG.java:1031)
at org.testng.remote.AbstractRemoteTestNG.run(AbstractRemoteTestNG.java:115)
at org.testng.remote.RemoteTestNG.initAndRun(RemoteTestNG.java:251)
at org.testng.remote.RemoteTestNG.main(RemoteTestNG.java:77)
]]>
            </full-stacktrace>
          </exception> <!-- java.lang.AssertionError -->
          <reporter-output>
          </reporter-output>
        </test-method> <!-- verifyAllProductsAddToCartFunctionality -->
        <test-method is-config="true" signature="tearDown()[pri:0, instance:com.sauceDemo.TestPackage.TC04_TestClass_VerifyAllProductsAddToCartFunctionality@7db12bb6]" started-at="2023-01-09T19:40:05 IST" name="tearDown" finished-at="2023-01-09T19:40:05 IST" duration-ms="767" status="PASS">
          <reporter-output>
          </reporter-output>
        </test-method> <!-- tearDown -->
      </class> <!-- com.sauceDemo.TestPackage.TC04_TestClass_VerifyAllProductsAddToCartFunctionality -->
      <class name="com.sauceDemo.TestPackage.TC01_TestClass_VerifyLoginFunctionality">
        <test-method is-config="true" signature="setUp(java.lang.String)[pri:0, instance:com.sauceDemo.TestPackage.TC01_TestClass_VerifyLoginFunctionality@1de76cc7]" started-at="2023-01-09T19:39:14 IST" name="setUp" finished-at="2023-01-09T19:39:32 IST" duration-ms="17644" status="PASS">
          <params>
            <param index="0">
              <value>
                <![CDATA[chrome]]>
              </value>
            </param>
          </params>
          <reporter-output>
          </reporter-output>
        </test-method> <!-- setUp -->
        <test-method signature="verifyLoginFunctionality()[pri:0, instance:com.sauceDemo.TestPackage.TC01_TestClass_VerifyLoginFunctionality@1de76cc7]" started-at="2023-01-09T19:39:32 IST" name="verifyLoginFunctionality" finished-at="2023-01-09T19:39:32 IST" duration-ms="43" status="PASS">
          <reporter-output>
          </reporter-output>
        </test-method> <!-- verifyLoginFunctionality -->
        <test-method is-config="true" signature="tearDown()[pri:0, instance:com.sauceDemo.TestPackage.TC01_TestClass_VerifyLoginFunctionality@1de76cc7]" started-at="2023-01-09T19:39:32 IST" name="tearDown" finished-at="2023-01-09T19:39:33 IST" duration-ms="830" status="PASS">
          <reporter-output>
          </reporter-output>
        </test-method> <!-- tearDown -->
      </class> <!-- com.sauceDemo.TestPackage.TC01_TestClass_VerifyLoginFunctionality -->
    </test> <!-- Test -->
  </suite> <!-- Suite -->
</testng-results>
